<?xml version="1.0" encoding="UTF-8"?>
<!-- Generated by org.testng.reporters.JUnitReportReporter -->
<testsuite hostname="FIS-661" failures="0" tests="1" name="tests.FaceBook" time="78.779" errors="0" timestamp="2022-01-26T10:13:19 EET" skipped="0">
  <testcase classname="tests.FaceBook" name="Scenarion_1_Test" time="78.779"/>
  <system-out/>
</testsuite> <!-- tests.FaceBook -->
