<?xml version="1.0" encoding="UTF-8"?>
<!-- Generated by org.testng.reporters.JUnitReportReporter -->
<testsuite hostname="FIS-661" failures="0" tests="1" name="tests.AppiumDesktop" time="0.001" errors="0" timestamp="2022-01-26T13:34:50 EET" skipped="0">
  <testcase classname="tests.AppiumDesktop" name="Scenarion_1_Test" time="0.001"/>
  <system-out/>
</testsuite> <!-- tests.AppiumDesktop -->
